C:\Program Files (x86)\Microsoft Visual Studio\2019\Community\MSBuild\Microsoft\VC\v160\Microsoft.CppBuild.targets(491,5): warning MSB8028: The intermediate directory (Debug\) contains files shared from another project (ADS LinkedList Implementation.vcxproj).  This can lead to incorrect clean and rebuild behavior.
  Main.cpp
C:\Users\Eliah\Desktop\Ads Assessment 2\ADS Assignment1\ADS_A2_Q2\Main.cpp(26,1): warning C4326: return type of 'main' should be 'int' instead of 'void'
C:\Users\Eliah\Desktop\Ads Assessment 2\ADS Assignment1\ADS_A2_Q2\Main.cpp(27,12): warning C4244: 'argument': conversion from 'time_t' to 'unsigned int', possible loss of data
C:\Users\Eliah\Desktop\Ads Assessment 2\ADS Assignment1\ADS_A2_Q2\Main.cpp(47,20): warning C4018: '<': signed/unsigned mismatch
C:\Users\Eliah\Desktop\Ads Assessment 2\ADS Assignment1\ADS_A2_Q2\Main.cpp(53,84): warning C4244: '=': conversion from '_Rep' to 'float', possible loss of data
          with
          [
              _Rep=__int64
          ]
C:\Users\Eliah\Desktop\Ads Assessment 2\ADS Assignment1\ADS_A2_Q2\Main.cpp(57,20): warning C4018: '<': signed/unsigned mismatch
C:\Users\Eliah\Desktop\Ads Assessment 2\ADS Assignment1\ADS_A2_Q2\Main.cpp(63,84): warning C4244: '=': conversion from '_Rep' to 'float', possible loss of data
          with
          [
              _Rep=__int64
          ]
C:\Users\Eliah\Desktop\Ads Assessment 2\ADS Assignment1\ADS_A2_Q2\Main.cpp(67,20): warning C4018: '<': signed/unsigned mismatch
C:\Users\Eliah\Desktop\Ads Assessment 2\ADS Assignment1\ADS_A2_Q2\Main.cpp(73,84): warning C4244: '=': conversion from '_Rep' to 'float', possible loss of data
          with
          [
              _Rep=__int64
          ]
C:\Users\Eliah\Desktop\Ads Assessment 2\ADS Assignment1\ADS_A2_Q2\Main.cpp(77,20): warning C4018: '<': signed/unsigned mismatch
C:\Users\Eliah\Desktop\Ads Assessment 2\ADS Assignment1\ADS_A2_Q2\Main.cpp(83,84): warning C4244: '=': conversion from '_Rep' to 'float', possible loss of data
          with
          [
              _Rep=__int64
          ]
  ADS LinkedList Implementation.vcxproj -> C:\Users\Eliah\Desktop\Ads Assessment 2\ADS Assignment1\ADS_A2_Q2\Debug\ADS_A1Q2.exe
